<?xml version="1.0" encoding="UTF-8" ?>
<testsuite tests="1" failures="0" name="testrunner.TestRunner" time="43.65" errors="0" skipped="0">
  <properties>
    <property name="PROCESSOR_ARCHITECTURE" value="AMD64"/>
    <property name="file.encoding.pkg" value="sun.io"/>
    <property name="Maven_Home" value="C:\Users\VIJAYKKU\.jenkins\tools\hudson.tasks.Maven_MavenInstallation\Maven"/>
    <property name="LOGONSERVER" value="\\WADNLAMS24"/>
    <property name="ProgramData" value="C:\ProgramData"/>
    <property name="java.home" value="C:\Program Files\Java\jre1.8.0_321"/>
    <property name="NODE_NAME" value="built-in"/>
    <property name="JENKINS_URL" value="http://localhost:9191/"/>
    <property name="ALLUSERSPROFILE" value="C:\ProgramData"/>
    <property name="java.endorsed.dirs" value="C:\Program Files\Java\jre1.8.0_321\lib\endorsed"/>
    <property name="PSModulePath" value="C:\Program Files\WindowsPowerShell\Modules;C:\WINDOWS\system32\WindowsPowerShell\v1.0\Modules"/>
    <property name="=::" value="::\"/>
    <property name="USERDOMAIN" value="CORP"/>
    <property name="sun.os.patch.level" value=""/>
    <property name="java.vendor.url" value="http://java.oracle.com/"/>
    <property name="CommonProgramFiles(x86)" value="C:\Program Files (x86)\Common Files"/>
    <property name="java.version" value="1.8.0_321"/>
    <property name="JOB_NAME" value="My store"/>
    <property name="COMPUTERNAME" value="INLEN8520027967"/>
    <property name="java.vendor.url.bug" value="http://bugreport.sun.com/bugreport/"/>
    <property name="PUBLIC" value="C:\Users\Public"/>
    <property name="user.name" value="vijaykku"/>
    <property name="sun.io.unicode.encoding" value="UnicodeLittle"/>
    <property name="sun.jnu.encoding" value="Cp1252"/>
    <property name="java.runtime.name" value="Java(TM) SE Runtime Environment"/>
    <property name="windir" value="C:\WINDOWS"/>
    <property name="PROCESSOR_IDENTIFIER" value="Intel64 Family 6 Model 140 Stepping 1, GenuineIntel"/>
    <property name="java.specification.name" value="Java Platform API Specification"/>
    <property name="LOCALAPPDATA" value="C:\Users\VIJAYKKU\AppData\Local"/>
    <property name="RUN_CHANGES_DISPLAY_URL" value="http://localhost:9191/job/My%20store/3/display/redirect?page=changes"/>
    <property name="user.timezone" value="Asia/Calcutta"/>
    <property name="user.script" value=""/>
    <property name="path.separator" value=";"/>
    <property name="NUMBER_OF_PROCESSORS" value="8"/>
    <property name="BUILD_TAG" value="jenkins-My store-3"/>
    <property name="GPPT_INSTALLFOLDER" value="c:\Installers"/>
    <property name="file.encoding" value="Cp1252"/>
    <property name="sun.java.command" value="jenkins.maven3.agent.Maven35Main C:\Users\VIJAYKKU\.jenkins\tools\hudson.tasks.Maven_MavenInstallation\Maven C:\Users\VIJAYKKU\.jenkins\war\WEB-INF\lib\remoting-4.12.jar C:\Users\VIJAYKKU\.jenkins\plugins\maven-plugin\WEB-INF\lib\maven35-interceptor-1.13.jar C:\Users\VIJAYKKU\.jenkins\plugins\maven-plugin\WEB-INF\lib\maven3-interceptor-commons-1.13.jar 58665"/>
    <property name="HUDSON_URL" value="http://localhost:9191/"/>
    <property name="JENKINS_SERVER_COOKIE" value="cd63cd13472b0be1"/>
    <property name="EXECUTOR_NUMBER" value="0"/>
    <property name="Path" value="C:\Program Files (x86)\Common Files\Oracle\Java\javapath;%ANDROID_HOME%\platform-tools;%ANDROID_HOME%\tools;%ANDROID_HOME%\tools\bin;C:\Program Files\Java\jdk1.8.0_321\bin;C:\Users\VIJAYKKU\Downloads\apache-maven-3.8.5\bin;C:\Users\VIJAYKKU\Downloads\apache-maven-3.8.5;C:\Users\VIJAYKKU\AppData\Local\Microsoft\WindowsApps;C:\Users\VIJAYKKU\AppData\Local\GitHubDesktop\bin;C:\Users\VIJAYKKU\AppData\Local\Programs\Git\cmd"/>
    <property name="java.io.tmpdir" value="C:\Users\VIJAYKKU\AppData\Local\Temp\"/>
    <property name="APPDATA" value="C:\Users\VIJAYKKU\AppData\Roaming"/>
    <property name="user.language" value="en"/>
    <property name="GPPT_LOGFOLDER" value="C:\SCCM_logs"/>
    <property name="GPPT_CACHEFOLDER" value="C:\Windows\ccmcache"/>
    <property name="line.separator" value="
"/>
    <property name="BUILD_URL" value="http://localhost:9191/job/My%20store/3/"/>
    <property name="M2_HOME" value="C:\Users\VIJAYKKU\.jenkins\tools\hudson.tasks.Maven_MavenInstallation\Maven"/>
    <property name="=C:" value="C:\Program Files\Jenkins"/>
    <property name="ZES_ENABLE_SYSMAN" value="1"/>
    <property name="java.vm.info" value="mixed mode"/>
    <property name="DriverData" value="C:\Windows\System32\Drivers\DriverData"/>
    <property name="sun.desktop" value="windows"/>
    <property name="java.vm.specification.name" value="Java Virtual Machine Specification"/>
    <property name="CI" value="true"/>
    <property name="BUILD_DISPLAY_NAME" value="#3"/>
    <property name="OS" value="Windows_NT"/>
    <property name="guice.disable.misplaced.annotation.check" value="true"/>
    <property name="HUDSON_SERVER_COOKIE" value="cd63cd13472b0be1"/>
    <property name="WORKSPACE_TMP" value="C:\Users\VIJAYKKU\eclipse-workspaceSELENIUM\com.mystore.www@tmp"/>
    <property name="SESSIONNAME" value="Console"/>
    <property name="PATHEXT" value=".COM;.EXE;.BAT;.CMD;.VBS;.VBE;.JS;.JSE;.WSF;.WSH;.MSC"/>
    <property name="java.awt.printerjob" value="sun.awt.windows.WPrinterJob"/>
    <property name="maven3.interceptor.common" value="C:\Users\VIJAYKKU\.jenkins\plugins\maven-plugin\WEB-INF\lib\maven3-interceptor-commons-1.13.jar"/>
    <property name="CLASSPATH" value=""/>
    <property name="jansi.mode" value="strip"/>
    <property name="HOMEPATH" value="\Users\VIJAYKKU"/>
    <property name="os.name" value="Windows 10"/>
    <property name="java.specification.vendor" value="Oracle Corporation"/>
    <property name="java.vm.name" value="Java HotSpot(TM) 64-Bit Server VM"/>
    <property name="BUILD_NUMBER" value="3"/>
    <property name="maven3.interceptor" value="C:\Users\VIJAYKKU\.jenkins\plugins\maven-plugin\WEB-INF\lib\maven35-interceptor-1.13.jar"/>
    <property name="java.library.path" value="C:\Program Files (x86)\Common Files\Oracle\Java\javapath;C:\WINDOWS\Sun\Java\bin;C:\WINDOWS\system32;C:\WINDOWS;C:\Users\VIJAYKKU\.jenkins\tools\hudson.tasks.Maven_MavenInstallation\Maven/bin;C:\Program Files (x86)\Common Files\Oracle\Java\javapath;%ANDROID_HOME%\platform-tools;%ANDROID_HOME%\tools;%ANDROID_HOME%\tools\bin;C:\Program Files\Java\jdk1.8.0_321\bin;C:\Users\VIJAYKKU\Downloads\apache-maven-3.8.5\bin;C:\Users\VIJAYKKU\Downloads\apache-maven-3.8.5;C:\Users\VIJAYKKU\AppData\Local\Microsoft\WindowsApps;C:\Users\VIJAYKKU\AppData\Local\GitHubDesktop\bin;C:\Users\VIJAYKKU\AppData\Local\Programs\Git\cmd;."/>
    <property name="HOMEDRIVE" value="C:"/>
    <property name="POM_GROUPID" value="com.mystore.www"/>
    <property name="POM_ARTIFACTID" value="com.mystore.www"/>
    <property name="java.class.version" value="52.0"/>
    <property name="JOB_URL" value="http://localhost:9191/job/My%20store/"/>
    <property name="RUN_DISPLAY_URL" value="http://localhost:9191/job/My%20store/3/display/redirect"/>
    <property name="JENKINS_HOME" value="C:\Users\VIJAYKKU\.jenkins"/>
    <property name="BUILD_ID" value="3"/>
    <property name="TEMP" value="C:\Users\VIJAYKKU\AppData\Local\Temp"/>
    <property name="sun.boot.library.path" value="C:\Program Files\Java\jre1.8.0_321\bin"/>
    <property name="sun.management.compiler" value="HotSpot 64-Bit Tiered Compilers"/>
    <property name="java.awt.graphicsenv" value="sun.awt.Win32GraphicsEnvironment"/>
    <property name="user.variant" value=""/>
    <property name="PROCESSOR_REVISION" value="8c01"/>
    <property name="POM_VERSION" value="0.0.1-SNAPSHOT"/>
    <property name="HUDSON_HOME" value="C:\Users\VIJAYKKU\.jenkins"/>
    <property name="ProgramFiles(x86)" value="C:\Program Files (x86)"/>
    <property name="PATH+MAVEN" value="C:\Users\VIJAYKKU\.jenkins\tools\hudson.tasks.Maven_MavenInstallation\Maven/bin"/>
    <property name="USERDOMAIN_ROAMINGPROFILE" value="CORP"/>
    <property name="RUN_ARTIFACTS_DISPLAY_URL" value="http://localhost:9191/job/My%20store/3/display/redirect?page=artifacts"/>
    <property name="PROMPT" value="$P$G"/>
    <property name="java.vm.specification.version" value="1.8"/>
    <property name="JAVA_HOME" value="C:\Program Files\Java\jdk1.8.0_321"/>
    <property name="awt.toolkit" value="sun.awt.windows.WToolkit"/>
    <property name="NODE_LABELS" value="built-in"/>
    <property name="sun.cpu.isalist" value="amd64"/>
    <property name="USERPROFILE" value="C:\Users\VIJAYKKU"/>
    <property name="JOB_DISPLAY_URL" value="http://localhost:9191/job/My%20store/display/redirect"/>
    <property name="java.ext.dirs" value="C:\Program Files\Java\jre1.8.0_321\lib\ext;C:\WINDOWS\Sun\Java\lib\ext"/>
    <property name="os.version" value="10.0"/>
    <property name="user.home" value="C:\Users\VIJAYKKU"/>
    <property name="USERNAME" value="vijaykku"/>
    <property name="java.vm.vendor" value="Oracle Corporation"/>
    <property name="PROCESSOR_LEVEL" value="6"/>
    <property name="USERDNSDOMAIN" value="CORP.CAPGEMINI.COM"/>
    <property name="CommonProgramW6432" value="C:\Program Files\Common Files"/>
    <property name="user.dir" value="C:\Users\VIJAYKKU\eclipse-workspaceSELENIUM\com.mystore.www"/>
    <property name="maven.conf" value="C:\Users\VIJAYKKU\.jenkins\tools\hudson.tasks.Maven_MavenInstallation\Maven\conf"/>
    <property name="ProgramW6432" value="C:\Program Files"/>
    <property name="TMP" value="C:\Users\VIJAYKKU\AppData\Local\Temp"/>
    <property name="UATDATA" value="C:\WINDOWS\CCM\UATData\D9F8C395-CAB8-491d-B8AC-179A1FE1BE77"/>
    <property name="sun.cpu.endian" value="little"/>
    <property name="SystemDrive" value="C:"/>
    <property name="java.vm.version" value="25.321-b07"/>
    <property name="java.class.path" value="C:\Users\VIJAYKKU\.jenkins\plugins\maven-plugin\WEB-INF\lib\maven35-agent-1.13.jar;C:\Users\VIJAYKKU\.jenkins\tools\hudson.tasks.Maven_MavenInstallation\Maven\boot\plexus-classworlds-2.6.0.jar;C:\Users\VIJAYKKU\.jenkins\tools\hudson.tasks.Maven_MavenInstallation\Maven/conf/logging"/>
    <property name="org.slf4j.simpleLogger.defaultLogLevel" value="info"/>
    <property name="os.arch" value="amd64"/>
    <property name="WORKSPACE" value="C:\Users\VIJAYKKU\eclipse-workspaceSELENIUM\com.mystore.www"/>
    <property name="ComSpec" value="C:\WINDOWS\system32\cmd.exe"/>
    <property name="RUN_TESTS_DISPLAY_URL" value="http://localhost:9191/job/My%20store/3/display/redirect?page=tests"/>
    <property name="sun.java.launcher" value="SUN_STANDARD"/>
    <property name="FPS_BROWSER_APP_PROFILE_STRING" value="Internet Explorer"/>
    <property name="SystemRoot" value="C:\WINDOWS"/>
    <property name="CommonProgramFiles" value="C:\Program Files\Common Files"/>
    <property name="java.vm.specification.vendor" value="Oracle Corporation"/>
    <property name="FPS_BROWSER_USER_PROFILE_STRING" value="Default"/>
    <property name="file.separator" value="\"/>
    <property name="java.runtime.version" value="1.8.0_321-b07"/>
    <property name="ProgramFiles" value="C:\Program Files"/>
    <property name="sun.boot.class.path" value="C:\Program Files\Java\jre1.8.0_321\lib\resources.jar;C:\Program Files\Java\jre1.8.0_321\lib\rt.jar;C:\Program Files\Java\jre1.8.0_321\lib\sunrsasign.jar;C:\Program Files\Java\jre1.8.0_321\lib\jsse.jar;C:\Program Files\Java\jre1.8.0_321\lib\jce.jar;C:\Program Files\Java\jre1.8.0_321\lib\charsets.jar;C:\Program Files\Java\jre1.8.0_321\lib\jfr.jar;C:\Program Files\Java\jre1.8.0_321\classes"/>
    <property name="=ExitCode" value="00000082"/>
    <property name="user.country" value="IN"/>
    <property name="POM_PACKAGING" value="jar"/>
    <property name="maven.home" value="C:\Users\VIJAYKKU\.jenkins\tools\hudson.tasks.Maven_MavenInstallation\Maven"/>
    <property name="JOB_BASE_NAME" value="My store"/>
    <property name="java.vendor" value="Oracle Corporation"/>
    <property name="java.specification.version" value="1.8"/>
    <property name="POM_DISPLAYNAME" value="com.mystore.www"/>
    <property name="sun.arch.data.model" value="64"/>
  </properties>
  <testcase classname="Login functionality" name="Verify Login with valid details" time="43.65"/>
</testsuite>